<?xml version="1.0" encoding="UTF-8"?>
<!-- Generated by org.testng.reporters.JUnitReportReporter -->
<testsuite hostname="samuel-andoh" name="example.NewTest" tests="1" failures="0" timestamp="4 Apr 2016 09:51:31 GMT" time="15.779" errors="0">
  <testcase name="testEasy" time="15.779" classname="example.NewTest"/>
</testsuite> <!-- example.NewTest -->
