<?xml version="1.0" encoding="UTF-8"?>
<!-- Generated by org.testng.reporters.JUnitReportReporter -->
<testsuite hostname="samuel-andoh" name="example.NewTest" tests="1" failures="0" timestamp="12 Apr 2016 01:12:42 GMT" time="219.793" errors="0">
  <testcase name="DbEmail" time="219.793" classname="example.NewTest"/>
</testsuite> <!-- example.NewTest -->
