<?xml version="1.0" encoding="UTF-8"?>
<!-- Generated by org.testng.reporters.JUnitReportReporter -->
<testsuite hostname="samuel-andoh" name="example.NewTest" tests="1" failures="0" timestamp="13 Apr 2016 05:14:17 GMT" time="88.882" errors="0">
  <testcase name="DbEmail" time="88.882" classname="example.NewTest"/>
</testsuite> <!-- example.NewTest -->
