<?xml version="1.0" encoding="UTF-8"?>
<!-- Generated by org.testng.reporters.JUnitReportReporter -->
<testsuite hostname="samuel-andoh" name="example.NewTest" tests="1" failures="0" timestamp="4 Apr 2016 10:54:00 GMT" time="8.117" errors="0">
  <testcase name="testEasy" time="8.117" classname="example.NewTest"/>
</testsuite> <!-- example.NewTest -->
